<?xml version="1.0" encoding="UTF-8"?>
<!-- Generated by org.testng.reporters.JUnitXMLReporter -->
<testsuite ignored="0" hostname="Godzilla-ASUSDesktop" failures="0" tests="4" name="Default test" time="3.465" errors="0" timestamp="2023-08-25T19:02:01 MDT">
  <testcase classname="api.test.UserTests_001" name="testPostUser" time="1.503"/>
  <testcase classname="api.test.UserTests_001" name="testGetUserByName" time="0.331"/>
  <testcase classname="api.test.UserTests_001" name="testUpdateUserByName" time="0.705"/>
  <testcase classname="api.test.UserTests_001" name="testDeleteUserByName" time="0.329"/>
</testsuite> <!-- Default test -->
