<?xml version="1.0" encoding="UTF-8"?>
<testng-results ignored="0" total="14" passed="14" failed="0" skipped="0">
  <reporter-output>
  </reporter-output>
  <suite started-at="2023-08-29T21:40:20 MDT" name="PetSuite" finished-at="2023-08-29T21:40:28 MDT" duration-ms="7295">
    <groups>
    </groups>
    <test started-at="2023-08-29T21:40:20 MDT" name="PetTest" finished-at="2023-08-29T21:40:28 MDT" duration-ms="7295">
      <class name="api.test.UserTests_byPropertyFile">
        <test-method is-config="true" signature="setupData()[pri:0, instance:api.test.UserTests_byPropertyFile@72a7c7e0]" started-at="2023-08-29T21:40:24 MDT" name="setupData" finished-at="2023-08-29T21:40:24 MDT" duration-ms="14" status="PASS">
          <reporter-output>
          </reporter-output>
        </test-method> <!-- setupData -->
        <test-method signature="testPostUser()[pri:1, instance:api.test.UserTests_byPropertyFile@72a7c7e0]" started-at="2023-08-29T21:40:24 MDT" name="testPostUser" finished-at="2023-08-29T21:40:24 MDT" duration-ms="470" status="PASS">
          <reporter-output>
          </reporter-output>
        </test-method> <!-- testPostUser -->
        <test-method signature="testGetUserByName()[pri:2, instance:api.test.UserTests_byPropertyFile@72a7c7e0]" started-at="2023-08-29T21:40:24 MDT" name="testGetUserByName" finished-at="2023-08-29T21:40:24 MDT" duration-ms="328" status="PASS">
          <reporter-output>
          </reporter-output>
        </test-method> <!-- testGetUserByName -->
        <test-method signature="testUpdateUserByName()[pri:3, instance:api.test.UserTests_byPropertyFile@72a7c7e0]" started-at="2023-08-29T21:40:24 MDT" name="testUpdateUserByName" finished-at="2023-08-29T21:40:25 MDT" duration-ms="633" status="PASS">
          <reporter-output>
          </reporter-output>
        </test-method> <!-- testUpdateUserByName -->
        <test-method signature="testDeleteUserByName()[pri:4, instance:api.test.UserTests_byPropertyFile@72a7c7e0]" started-at="2023-08-29T21:40:25 MDT" name="testDeleteUserByName" finished-at="2023-08-29T21:40:25 MDT" duration-ms="328" status="PASS">
          <reporter-output>
          </reporter-output>
        </test-method> <!-- testDeleteUserByName -->
      </class> <!-- api.test.UserTests_byPropertyFile -->
      <class name="api.test.UserTests_001">
        <test-method is-config="true" signature="setupData()[pri:0, instance:api.test.UserTests_001@61230f6a]" started-at="2023-08-29T21:40:21 MDT" name="setupData" finished-at="2023-08-29T21:40:21 MDT" duration-ms="336" status="PASS">
          <reporter-output>
          </reporter-output>
        </test-method> <!-- setupData -->
        <test-method signature="testPostUser()[pri:1, instance:api.test.UserTests_001@61230f6a]" started-at="2023-08-29T21:40:21 MDT" name="testPostUser" finished-at="2023-08-29T21:40:22 MDT" duration-ms="1250" status="PASS">
          <reporter-output>
          </reporter-output>
        </test-method> <!-- testPostUser -->
        <test-method signature="testGetUserByName()[pri:2, instance:api.test.UserTests_001@61230f6a]" started-at="2023-08-29T21:40:22 MDT" name="testGetUserByName" finished-at="2023-08-29T21:40:23 MDT" duration-ms="359" status="PASS">
          <reporter-output>
          </reporter-output>
        </test-method> <!-- testGetUserByName -->
        <test-method signature="testUpdateUserByName()[pri:3, instance:api.test.UserTests_001@61230f6a]" started-at="2023-08-29T21:40:23 MDT" name="testUpdateUserByName" finished-at="2023-08-29T21:40:23 MDT" duration-ms="669" status="PASS">
          <reporter-output>
          </reporter-output>
        </test-method> <!-- testUpdateUserByName -->
        <test-method signature="testDeleteUserByName()[pri:4, instance:api.test.UserTests_001@61230f6a]" started-at="2023-08-29T21:40:23 MDT" name="testDeleteUserByName" finished-at="2023-08-29T21:40:24 MDT" duration-ms="325" status="PASS">
          <reporter-output>
          </reporter-output>
        </test-method> <!-- testDeleteUserByName -->
      </class> <!-- api.test.UserTests_001 -->
      <class name="api.test.UserTest2_DDT_001">
        <test-method signature="testDDTPostUser(java.lang.String,java.lang.String,java.lang.String,java.lang.String,java.lang.String,java.lang.String,java.lang.String)[pri:1, instance:api.test.UserTest2_DDT_001@2e4b8173]" started-at="2023-08-29T21:40:26 MDT" name="testDDTPostUser" data-provider="UserData" finished-at="2023-08-29T21:40:26 MDT" duration-ms="325" status="PASS">
          <params>
            <param index="0">
              <value>
                <![CDATA[1010]]>
              </value>
            </param>
            <param index="1">
              <value>
                <![CDATA[testuser1]]>
              </value>
            </param>
            <param index="2">
              <value>
                <![CDATA[John]]>
              </value>
            </param>
            <param index="3">
              <value>
                <![CDATA[Canedy]]>
              </value>
            </param>
            <param index="4">
              <value>
                <![CDATA[a@gmail.com]]>
              </value>
            </param>
            <param index="5">
              <value>
                <![CDATA[test@1]]>
              </value>
            </param>
            <param index="6">
              <value>
                <![CDATA[1234567897]]>
              </value>
            </param>
          </params>
          <reporter-output>
          </reporter-output>
        </test-method> <!-- testDDTPostUser -->
        <test-method signature="testDDTPostUser(java.lang.String,java.lang.String,java.lang.String,java.lang.String,java.lang.String,java.lang.String,java.lang.String)[pri:1, instance:api.test.UserTest2_DDT_001@2e4b8173]" started-at="2023-08-29T21:40:26 MDT" name="testDDTPostUser" data-provider="UserData" finished-at="2023-08-29T21:40:26 MDT" duration-ms="324" status="PASS">
          <params>
            <param index="0">
              <value>
                <![CDATA[1020]]>
              </value>
            </param>
            <param index="1">
              <value>
                <![CDATA[testuser2]]>
              </value>
            </param>
            <param index="2">
              <value>
                <![CDATA[Kim]]>
              </value>
            </param>
            <param index="3">
              <value>
                <![CDATA[Kom]]>
              </value>
            </param>
            <param index="4">
              <value>
                <![CDATA[b@gmail.com]]>
              </value>
            </param>
            <param index="5">
              <value>
                <![CDATA[test@2]]>
              </value>
            </param>
            <param index="6">
              <value>
                <![CDATA[1234567897]]>
              </value>
            </param>
          </params>
          <reporter-output>
          </reporter-output>
        </test-method> <!-- testDDTPostUser -->
        <test-method signature="testDDTPostUser(java.lang.String,java.lang.String,java.lang.String,java.lang.String,java.lang.String,java.lang.String,java.lang.String)[pri:1, instance:api.test.UserTest2_DDT_001@2e4b8173]" started-at="2023-08-29T21:40:26 MDT" name="testDDTPostUser" data-provider="UserData" finished-at="2023-08-29T21:40:27 MDT" duration-ms="329" status="PASS">
          <params>
            <param index="0">
              <value>
                <![CDATA[1030]]>
              </value>
            </param>
            <param index="1">
              <value>
                <![CDATA[testuser3]]>
              </value>
            </param>
            <param index="2">
              <value>
                <![CDATA[Smith]]>
              </value>
            </param>
            <param index="3">
              <value>
                <![CDATA[Steve]]>
              </value>
            </param>
            <param index="4">
              <value>
                <![CDATA[c@gmail.com]]>
              </value>
            </param>
            <param index="5">
              <value>
                <![CDATA[test@3]]>
              </value>
            </param>
            <param index="6">
              <value>
                <![CDATA[1234567897]]>
              </value>
            </param>
          </params>
          <reporter-output>
          </reporter-output>
        </test-method> <!-- testDDTPostUser -->
        <test-method signature="testDDTDeleteUser(java.lang.String)[pri:2, instance:api.test.UserTest2_DDT_001@2e4b8173]" started-at="2023-08-29T21:40:27 MDT" name="testDDTDeleteUser" data-provider="UserNames" finished-at="2023-08-29T21:40:27 MDT" duration-ms="306" status="PASS">
          <params>
            <param index="0">
              <value>
                <![CDATA[testuser1]]>
              </value>
            </param>
          </params>
          <reporter-output>
          </reporter-output>
        </test-method> <!-- testDDTDeleteUser -->
        <test-method signature="testDDTDeleteUser(java.lang.String)[pri:2, instance:api.test.UserTest2_DDT_001@2e4b8173]" started-at="2023-08-29T21:40:27 MDT" name="testDDTDeleteUser" data-provider="UserNames" finished-at="2023-08-29T21:40:27 MDT" duration-ms="311" status="PASS">
          <params>
            <param index="0">
              <value>
                <![CDATA[testuser2]]>
              </value>
            </param>
          </params>
          <reporter-output>
          </reporter-output>
        </test-method> <!-- testDDTDeleteUser -->
        <test-method signature="testDDTDeleteUser(java.lang.String)[pri:2, instance:api.test.UserTest2_DDT_001@2e4b8173]" started-at="2023-08-29T21:40:27 MDT" name="testDDTDeleteUser" data-provider="UserNames" finished-at="2023-08-29T21:40:28 MDT" duration-ms="330" status="PASS">
          <params>
            <param index="0">
              <value>
                <![CDATA[testuser3]]>
              </value>
            </param>
          </params>
          <reporter-output>
          </reporter-output>
        </test-method> <!-- testDDTDeleteUser -->
      </class> <!-- api.test.UserTest2_DDT_001 -->
    </test> <!-- PetTest -->
  </suite> <!-- PetSuite -->
</testng-results>
