<?xml version="1.0" encoding="UTF-8"?>
<testsuite xmlns:xsi="http://www.w3.org/2001/XMLSchema-instance" xsi:noNamespaceSchemaLocation="https://maven.apache.org/surefire/maven-surefire-plugin/xsd/surefire-test-report.xsd" name="TestSuite" time="7.92" tests="14" errors="0" skipped="0" failures="0">
  <properties>
[...]
</properties>
  <testcase name="testPostUser" classname="api.test.UserTests_001" time="1.359"/>
  <testcase name="testGetUserByName" classname="api.test.UserTests_001" time="0.333"/>
  <testcase name="testUpdateUserByName" classname="api.test.UserTests_001" time="0.65"/>
  <testcase name="testDeleteUserByName" classname="api.test.UserTests_001" time="0.331"/>
  <testcase name="testPostUser" classname="api.test.UserTests_byPropertyFile" time="0.341"/>
  <testcase name="testGetUserByName" classname="api.test.UserTests_byPropertyFile" time="0.313"/>
  <testcase name="testUpdateUserByName" classname="api.test.UserTests_byPropertyFile" time="0.671"/>
  <testcase name="testDeleteUserByName" classname="api.test.UserTests_byPropertyFile" time="0.331"/>
  <testcase name="testDDTPostUser" classname="api.test.UserTest2_DDT_001" time="0.324"/>
  <testcase name="testDDTPostUser" classname="api.test.UserTest2_DDT_001" time="0.331"/>
  <testcase name="testDDTPostUser" classname="api.test.UserTest2_DDT_001" time="0.329"/>
  <testcase name="testDDTDeleteUser" classname="api.test.UserTest2_DDT_001" time="0.333"/>
  <testcase name="testDDTDeleteUser" classname="api.test.UserTest2_DDT_001" time="0.336"/>
  <testcase name="testDDTDeleteUser" classname="api.test.UserTest2_DDT_001" time="0.304"/>
</testsuite>