<?xml version="1.0" encoding="UTF-8"?>
<testng-results ignored="0" total="14" passed="14" failed="0" skipped="0">
  <reporter-output>
  </reporter-output>
  <suite started-at="2023-08-28T12:55:38 MDT" name="PetSuite" finished-at="2023-08-28T12:55:46 MDT" duration-ms="7428">
    <groups>
    </groups>
    <test started-at="2023-08-28T12:55:38 MDT" name="PetTest" finished-at="2023-08-28T12:55:46 MDT" duration-ms="7428">
      <class name="api.test.UserTests_byPropertyFile">
        <test-method is-config="true" signature="setupData()[pri:0, instance:api.test.UserTests_byPropertyFile@48f2bd5b]" started-at="2023-08-28T12:55:42 MDT" name="setupData" finished-at="2023-08-28T12:55:42 MDT" duration-ms="21" status="PASS">
          <reporter-output>
          </reporter-output>
        </test-method> <!-- setupData -->
        <test-method signature="testPostUser()[pri:1, instance:api.test.UserTests_byPropertyFile@48f2bd5b]" started-at="2023-08-28T12:55:42 MDT" name="testPostUser" finished-at="2023-08-28T12:55:42 MDT" duration-ms="334" status="PASS">
          <reporter-output>
          </reporter-output>
        </test-method> <!-- testPostUser -->
        <test-method signature="testGetUserByName()[pri:2, instance:api.test.UserTests_byPropertyFile@48f2bd5b]" started-at="2023-08-28T12:55:42 MDT" name="testGetUserByName" finished-at="2023-08-28T12:55:42 MDT" duration-ms="333" status="PASS">
          <reporter-output>
          </reporter-output>
        </test-method> <!-- testGetUserByName -->
        <test-method signature="testUpdateUserByName()[pri:3, instance:api.test.UserTests_byPropertyFile@48f2bd5b]" started-at="2023-08-28T12:55:42 MDT" name="testUpdateUserByName" finished-at="2023-08-28T12:55:43 MDT" duration-ms="667" status="PASS">
          <reporter-output>
          </reporter-output>
        </test-method> <!-- testUpdateUserByName -->
        <test-method signature="testDeleteUserByName()[pri:4, instance:api.test.UserTests_byPropertyFile@48f2bd5b]" started-at="2023-08-28T12:55:43 MDT" name="testDeleteUserByName" finished-at="2023-08-28T12:55:43 MDT" duration-ms="332" status="PASS">
          <reporter-output>
          </reporter-output>
        </test-method> <!-- testDeleteUserByName -->
      </class> <!-- api.test.UserTests_byPropertyFile -->
      <class name="api.test.UserTests_001">
        <test-method is-config="true" signature="setupData()[pri:0, instance:api.test.UserTests_001@2a4fb17b]" started-at="2023-08-28T12:55:38 MDT" name="setupData" finished-at="2023-08-28T12:55:39 MDT" duration-ms="439" status="PASS">
          <reporter-output>
          </reporter-output>
        </test-method> <!-- setupData -->
        <test-method signature="testPostUser()[pri:1, instance:api.test.UserTests_001@2a4fb17b]" started-at="2023-08-28T12:55:39 MDT" name="testPostUser" finished-at="2023-08-28T12:55:40 MDT" duration-ms="1353" status="PASS">
          <reporter-output>
          </reporter-output>
        </test-method> <!-- testPostUser -->
        <test-method signature="testGetUserByName()[pri:2, instance:api.test.UserTests_001@2a4fb17b]" started-at="2023-08-28T12:55:40 MDT" name="testGetUserByName" finished-at="2023-08-28T12:55:41 MDT" duration-ms="310" status="PASS">
          <reporter-output>
          </reporter-output>
        </test-method> <!-- testGetUserByName -->
        <test-method signature="testUpdateUserByName()[pri:3, instance:api.test.UserTests_001@2a4fb17b]" started-at="2023-08-28T12:55:41 MDT" name="testUpdateUserByName" finished-at="2023-08-28T12:55:41 MDT" duration-ms="642" status="PASS">
          <reporter-output>
          </reporter-output>
        </test-method> <!-- testUpdateUserByName -->
        <test-method signature="testDeleteUserByName()[pri:4, instance:api.test.UserTests_001@2a4fb17b]" started-at="2023-08-28T12:55:41 MDT" name="testDeleteUserByName" finished-at="2023-08-28T12:55:42 MDT" duration-ms="320" status="PASS">
          <reporter-output>
          </reporter-output>
        </test-method> <!-- testDeleteUserByName -->
      </class> <!-- api.test.UserTests_001 -->
      <class name="api.test.UserTest2_DDT_001">
        <test-method signature="testDDTPostUser(java.lang.String,java.lang.String,java.lang.String,java.lang.String,java.lang.String,java.lang.String,java.lang.String)[pri:1, instance:api.test.UserTest2_DDT_001@7b2bbc3]" started-at="2023-08-28T12:55:44 MDT" name="testDDTPostUser" data-provider="UserData" finished-at="2023-08-28T12:55:44 MDT" duration-ms="336" status="PASS">
          <params>
            <param index="0">
              <value>
                <![CDATA[1010]]>
              </value>
            </param>
            <param index="1">
              <value>
                <![CDATA[testuser1]]>
              </value>
            </param>
            <param index="2">
              <value>
                <![CDATA[John]]>
              </value>
            </param>
            <param index="3">
              <value>
                <![CDATA[Canedy]]>
              </value>
            </param>
            <param index="4">
              <value>
                <![CDATA[a@gmail.com]]>
              </value>
            </param>
            <param index="5">
              <value>
                <![CDATA[test@1]]>
              </value>
            </param>
            <param index="6">
              <value>
                <![CDATA[1234567897]]>
              </value>
            </param>
          </params>
          <reporter-output>
          </reporter-output>
        </test-method> <!-- testDDTPostUser -->
        <test-method signature="testDDTPostUser(java.lang.String,java.lang.String,java.lang.String,java.lang.String,java.lang.String,java.lang.String,java.lang.String)[pri:1, instance:api.test.UserTest2_DDT_001@7b2bbc3]" started-at="2023-08-28T12:55:44 MDT" name="testDDTPostUser" data-provider="UserData" finished-at="2023-08-28T12:55:44 MDT" duration-ms="323" status="PASS">
          <params>
            <param index="0">
              <value>
                <![CDATA[1020]]>
              </value>
            </param>
            <param index="1">
              <value>
                <![CDATA[testuser2]]>
              </value>
            </param>
            <param index="2">
              <value>
                <![CDATA[Kim]]>
              </value>
            </param>
            <param index="3">
              <value>
                <![CDATA[Kom]]>
              </value>
            </param>
            <param index="4">
              <value>
                <![CDATA[b@gmail.com]]>
              </value>
            </param>
            <param index="5">
              <value>
                <![CDATA[test@2]]>
              </value>
            </param>
            <param index="6">
              <value>
                <![CDATA[1234567897]]>
              </value>
            </param>
          </params>
          <reporter-output>
          </reporter-output>
        </test-method> <!-- testDDTPostUser -->
        <test-method signature="testDDTPostUser(java.lang.String,java.lang.String,java.lang.String,java.lang.String,java.lang.String,java.lang.String,java.lang.String)[pri:1, instance:api.test.UserTest2_DDT_001@7b2bbc3]" started-at="2023-08-28T12:55:44 MDT" name="testDDTPostUser" data-provider="UserData" finished-at="2023-08-28T12:55:45 MDT" duration-ms="323" status="PASS">
          <params>
            <param index="0">
              <value>
                <![CDATA[1030]]>
              </value>
            </param>
            <param index="1">
              <value>
                <![CDATA[testuser3]]>
              </value>
            </param>
            <param index="2">
              <value>
                <![CDATA[Smith]]>
              </value>
            </param>
            <param index="3">
              <value>
                <![CDATA[Steve]]>
              </value>
            </param>
            <param index="4">
              <value>
                <![CDATA[c@gmail.com]]>
              </value>
            </param>
            <param index="5">
              <value>
                <![CDATA[test@3]]>
              </value>
            </param>
            <param index="6">
              <value>
                <![CDATA[1234567897]]>
              </value>
            </param>
          </params>
          <reporter-output>
          </reporter-output>
        </test-method> <!-- testDDTPostUser -->
        <test-method signature="testDDTDeleteUser(java.lang.String)[pri:2, instance:api.test.UserTest2_DDT_001@7b2bbc3]" started-at="2023-08-28T12:55:45 MDT" name="testDDTDeleteUser" data-provider="UserNames" finished-at="2023-08-28T12:55:45 MDT" duration-ms="324" status="PASS">
          <params>
            <param index="0">
              <value>
                <![CDATA[testuser1]]>
              </value>
            </param>
          </params>
          <reporter-output>
          </reporter-output>
        </test-method> <!-- testDDTDeleteUser -->
        <test-method signature="testDDTDeleteUser(java.lang.String)[pri:2, instance:api.test.UserTest2_DDT_001@7b2bbc3]" started-at="2023-08-28T12:55:45 MDT" name="testDDTDeleteUser" data-provider="UserNames" finished-at="2023-08-28T12:55:45 MDT" duration-ms="318" status="PASS">
          <params>
            <param index="0">
              <value>
                <![CDATA[testuser2]]>
              </value>
            </param>
          </params>
          <reporter-output>
          </reporter-output>
        </test-method> <!-- testDDTDeleteUser -->
        <test-method signature="testDDTDeleteUser(java.lang.String)[pri:2, instance:api.test.UserTest2_DDT_001@7b2bbc3]" started-at="2023-08-28T12:55:45 MDT" name="testDDTDeleteUser" data-provider="UserNames" finished-at="2023-08-28T12:55:46 MDT" duration-ms="318" status="PASS">
          <params>
            <param index="0">
              <value>
                <![CDATA[testuser3]]>
              </value>
            </param>
          </params>
          <reporter-output>
          </reporter-output>
        </test-method> <!-- testDDTDeleteUser -->
      </class> <!-- api.test.UserTest2_DDT_001 -->
    </test> <!-- PetTest -->
  </suite> <!-- PetSuite -->
</testng-results>
