<?xml version="1.0" encoding="UTF-8"?>
<!-- Generated by org.testng.reporters.JUnitXMLReporter -->
<testsuite ignored="0" hostname="Godzilla-ASUSDesktop" failures="0" tests="14" name="PetTest" time="7.295" errors="0" timestamp="2023-08-29T21:40:28 MDT">
  <testcase classname="api.test.UserTests_001" name="testPostUser" time="1.25"/>
  <testcase classname="api.test.UserTests_001" name="testGetUserByName" time="0.359"/>
  <testcase classname="api.test.UserTests_001" name="testUpdateUserByName" time="0.669"/>
  <testcase classname="api.test.UserTests_001" name="testDeleteUserByName" time="0.325"/>
  <testcase classname="api.test.UserTests_byPropertyFile" name="testPostUser" time="0.47"/>
  <testcase classname="api.test.UserTests_byPropertyFile" name="testGetUserByName" time="0.328"/>
  <testcase classname="api.test.UserTests_byPropertyFile" name="testUpdateUserByName" time="0.633"/>
  <testcase classname="api.test.UserTests_byPropertyFile" name="testDeleteUserByName" time="0.328"/>
  <testcase classname="api.test.UserTest2_DDT_001" name="testDDTPostUser" time="0.325"/>
  <testcase classname="api.test.UserTest2_DDT_001" name="testDDTPostUser" time="0.324"/>
  <testcase classname="api.test.UserTest2_DDT_001" name="testDDTPostUser" time="0.329"/>
  <testcase classname="api.test.UserTest2_DDT_001" name="testDDTDeleteUser" time="0.306"/>
  <testcase classname="api.test.UserTest2_DDT_001" name="testDDTDeleteUser" time="0.311"/>
  <testcase classname="api.test.UserTest2_DDT_001" name="testDDTDeleteUser" time="0.33"/>
</testsuite> <!-- PetTest -->
