<?xml version="1.0" encoding="UTF-8"?>
<!-- Generated by org.testng.reporters.JUnitXMLReporter -->
<testsuite ignored="0" hostname="Godzilla-ASUSDesktop" failures="0" tests="14" name="PetTest" time="7.177" errors="0" timestamp="2023-08-29T12:05:09 MDT">
  <testcase classname="api.test.UserTests_001" name="testPostUser" time="1.253"/>
  <testcase classname="api.test.UserTests_001" name="testGetUserByName" time="0.345"/>
  <testcase classname="api.test.UserTests_001" name="testUpdateUserByName" time="0.633"/>
  <testcase classname="api.test.UserTests_001" name="testDeleteUserByName" time="0.33"/>
  <testcase classname="api.test.UserTests_byPropertyFile" name="testPostUser" time="0.33"/>
  <testcase classname="api.test.UserTests_byPropertyFile" name="testGetUserByName" time="0.308"/>
  <testcase classname="api.test.UserTests_byPropertyFile" name="testUpdateUserByName" time="0.674"/>
  <testcase classname="api.test.UserTests_byPropertyFile" name="testDeleteUserByName" time="0.317"/>
  <testcase classname="api.test.UserTest2_DDT_001" name="testDDTPostUser" time="0.336"/>
  <testcase classname="api.test.UserTest2_DDT_001" name="testDDTPostUser" time="0.326"/>
  <testcase classname="api.test.UserTest2_DDT_001" name="testDDTPostUser" time="0.34"/>
  <testcase classname="api.test.UserTest2_DDT_001" name="testDDTDeleteUser" time="0.326"/>
  <testcase classname="api.test.UserTest2_DDT_001" name="testDDTDeleteUser" time="0.301"/>
  <testcase classname="api.test.UserTest2_DDT_001" name="testDDTDeleteUser" time="0.337"/>
</testsuite> <!-- PetTest -->
