<?xml version="1.0" encoding="UTF-8"?>
<!-- Generated by org.testng.reporters.JUnitXMLReporter -->
<testsuite ignored="0" hostname="Godzilla-ASUSDesktop" failures="0" tests="14" name="PetTest" time="7.428" errors="0" timestamp="2023-08-28T12:55:46 MDT">
  <testcase classname="api.test.UserTests_001" name="testPostUser" time="1.353"/>
  <testcase classname="api.test.UserTests_001" name="testGetUserByName" time="0.31"/>
  <testcase classname="api.test.UserTests_001" name="testUpdateUserByName" time="0.642"/>
  <testcase classname="api.test.UserTests_001" name="testDeleteUserByName" time="0.32"/>
  <testcase classname="api.test.UserTests_byPropertyFile" name="testPostUser" time="0.334"/>
  <testcase classname="api.test.UserTests_byPropertyFile" name="testGetUserByName" time="0.333"/>
  <testcase classname="api.test.UserTests_byPropertyFile" name="testUpdateUserByName" time="0.667"/>
  <testcase classname="api.test.UserTests_byPropertyFile" name="testDeleteUserByName" time="0.332"/>
  <testcase classname="api.test.UserTest2_DDT_001" name="testDDTPostUser" time="0.336"/>
  <testcase classname="api.test.UserTest2_DDT_001" name="testDDTPostUser" time="0.323"/>
  <testcase classname="api.test.UserTest2_DDT_001" name="testDDTPostUser" time="0.323"/>
  <testcase classname="api.test.UserTest2_DDT_001" name="testDDTDeleteUser" time="0.324"/>
  <testcase classname="api.test.UserTest2_DDT_001" name="testDDTDeleteUser" time="0.318"/>
  <testcase classname="api.test.UserTest2_DDT_001" name="testDDTDeleteUser" time="0.318"/>
</testsuite> <!-- PetTest -->
